{"name": "Negative test: Update object with invalid payloads", "status": "failed", "statusDetails": {"message": "AssertionError: Unexpected status: 403\nassert 403 in [400, 404, 422]\n +  where 403 = <Response [403]>.status_code", "trace": "token = 'rkC1mNuXZ646pOl', payload = {'id': 123, 'info': {'author': 'a', 'type': 't'}, 'tags': 'notalist', 'text': 'bad', ...}\n\n    @allure.title(\"Negative test: Update object with invalid payloads\")\n    @pytest.mark.parametrize(\"payload\", invalid_update_payloads)\n    def test_update_object_negative(token, payload):\n        obj = ObjectUpdate()\n        obj.set_token(token)\n    \n        with allure.step(\"Try to update object with invalid payload\"):\n            object_id = payload.get(\"id\", 999999)  # default ID for test if not provided\n            response = obj.update_object(object_id, payload)\n>           assert response.status_code in [400, 404, 422], f\"Unexpected status: {response.status_code}\"\nE           AssertionError: Unexpected status: 403\nE           assert 403 in [400, 404, 422]\nE            +  where 403 = <Response [403]>.status_code\n\ntests\\test_update_object_negative.py:17: AssertionError"}, "steps": [{"name": "Try to update object with invalid payload", "status": "failed", "statusDetails": {"message": "AssertionError: Unexpected status: 403\nassert 403 in [400, 404, 422]\n +  where 403 = <Response [403]>.status_code\n", "trace": "  File \"C:\\Users\\Sergey\\Projects\\api-automation-framework\\tests\\test_update_object_negative.py\", line 17, in test_update_object_negative\n    assert response.status_code in [400, 404, 422], f\"Unexpected status: {response.status_code}\"\n"}, "start": 1748318524803, "stop": 1748318525095}], "parameters": [{"name": "payload", "value": "{'id': 123, 'text': 'bad', 'url': 'url', 'tags': 'notalist', 'info': {'author': 'a', 'type': 't'}}"}], "start": 1748318524803, "stop": 1748318525095, "uuid": "335eb570-368f-43c1-9d93-96ca138d72be", "historyId": "08565aa0be88a95d4a81519ee7425930", "testCaseId": "6e191488d3d73a43d3af59a695bcccdf", "fullName": "tests.test_update_object_negative#test_update_object_negative", "labels": [{"name": "parentSuite", "value": "tests"}, {"name": "suite", "value": "test_update_object_negative"}, {"name": "host", "value": "Sergo"}, {"name": "thread", "value": "25544-MainThread"}, {"name": "framework", "value": "pytest"}, {"name": "language", "value": "cpython3"}, {"name": "package", "value": "tests.test_update_object_negative"}]}