{"name": "Negative test: Create object with invalid payloads", "status": "failed", "statusDetails": {"message": "AssertionError: Unexpected status: 200\nassert 200 in [400, 422]\n +  where 200 = <Response [200]>.status_code", "trace": "token = 'rkC1mNuXZ646pOl', payload = {'info': {}, 'tags': [], 'text': '', 'url': ''}\n\n    @allure.title(\"Negative test: Create object with invalid payloads\")\n    @pytest.mark.parametrize(\"payload\", invalid_payloads)\n    def test_create_object_negative(token, payload):\n        obj = ObjectCreate()\n        obj.set_token(token)\n    \n        with allure.step(\"Try to create object with invalid payload\"):\n            response = obj.create_object(payload)\n>           assert response.status_code in [400, 422], f\"Unexpected status: {response.status_code}\"\nE           AssertionError: Unexpected status: 200\nE           assert 200 in [400, 422]\nE            +  where 200 = <Response [200]>.status_code\n\ntests\\test_create_object_negative.py:16: AssertionError"}, "steps": [{"name": "Try to create object with invalid payload", "status": "failed", "statusDetails": {"message": "AssertionError: Unexpected status: 200\nassert 200 in [400, 422]\n +  where 200 = <Response [200]>.status_code\n", "trace": "  File \"C:\\Users\\Sergey\\Projects\\api-automation-framework\\tests\\test_create_object_negative.py\", line 16, in test_create_object_negative\n    assert response.status_code in [400, 422], f\"Unexpected status: {response.status_code}\"\n"}, "steps": [{"name": "Create a new object", "status": "passed", "parameters": [{"name": "payload", "value": "{'text': '', 'url': '', 'tags': [], 'info': {}}"}], "start": 1748318518303, "stop": 1748318518608}], "start": 1748318518303, "stop": 1748318518608}], "parameters": [{"name": "payload", "value": "{'text': '', 'url': '', 'tags': [], 'info': {}}"}], "start": 1748318518303, "stop": 1748318518612, "uuid": "a4d827c6-9b3f-40a3-9ee1-b4fd5332739f", "historyId": "99d8a70b4111817ee706be6dc56841a8", "testCaseId": "e3bc4afa7bd6d2c240070caf5f659b9e", "fullName": "tests.test_create_object_negative#test_create_object_negative", "labels": [{"name": "parentSuite", "value": "tests"}, {"name": "suite", "value": "test_create_object_negative"}, {"name": "host", "value": "Sergo"}, {"name": "thread", "value": "25544-MainThread"}, {"name": "framework", "value": "pytest"}, {"name": "language", "value": "cpython3"}, {"name": "package", "value": "tests.test_create_object_negative"}]}